2023-03-15 08:13:44,973 [Worker-7: Loading available Gradle versions] INFO  o.e.b.c.i.u.g.PublishedGradleVersions - Gradle version information cache is not available. Remote download required.
2023-03-16 07:53:03,811 [Worker-0: Loading available Gradle versions] INFO  o.e.b.c.i.u.g.PublishedGradleVersions - Gradle version information cache is up-to-date. Trying to read.
2023-03-20 07:24:17,559 [Worker-0: Loading available Gradle versions] INFO  o.e.b.c.i.u.g.PublishedGradleVersions - Gradle version information cache is out-of-date. Trying to update.
2023-03-20 17:10:11,553 [Worker-1: Loading available Gradle versions] INFO  o.e.b.c.i.u.g.PublishedGradleVersions - Gradle version information cache is up-to-date. Trying to read.
2023-03-21 07:04:16,851 [Worker-2: Loading available Gradle versions] INFO  o.e.b.c.i.u.g.PublishedGradleVersions - Gradle version information cache is up-to-date. Trying to read.
2023-03-21 10:52:22,463 [Worker-0: Loading available Gradle versions] INFO  o.e.b.c.i.u.g.PublishedGradleVersions - Gradle version information cache is out-of-date. Trying to update.
2023-03-21 14:15:30,372 [Worker-2: Loading available Gradle versions] INFO  o.e.b.c.i.u.g.PublishedGradleVersions - Gradle version information cache is up-to-date. Trying to read.
2023-03-24 07:05:46,461 [Worker-0: Loading available Gradle versions] INFO  o.e.b.c.i.u.g.PublishedGradleVersions - Gradle version information cache is out-of-date. Trying to update.
2023-03-24 12:18:38,588 [Worker-0: Loading available Gradle versions] INFO  o.e.b.c.i.u.g.PublishedGradleVersions - Gradle version information cache is up-to-date. Trying to read.
2023-03-24 15:51:18,789 [Worker-0: Loading available Gradle versions] INFO  o.e.b.c.i.u.g.PublishedGradleVersions - Gradle version information cache is up-to-date. Trying to read.
2023-03-27 07:30:56,108 [Worker-2: Loading available Gradle versions] INFO  o.e.b.c.i.u.g.PublishedGradleVersions - Gradle version information cache is out-of-date. Trying to update.
2023-03-27 12:13:13,310 [Worker-1: Loading available Gradle versions] INFO  o.e.b.c.i.u.g.PublishedGradleVersions - Gradle version information cache is up-to-date. Trying to read.
2023-03-29 07:02:45,579 [Worker-0: Loading available Gradle versions] INFO  o.e.b.c.i.u.g.PublishedGradleVersions - Gradle version information cache is out-of-date. Trying to update.
2023-04-04 08:04:36,723 [Worker-2: Loading available Gradle versions] INFO  o.e.b.c.i.u.g.PublishedGradleVersions - Gradle version information cache is out-of-date. Trying to update.
2023-04-06 07:20:38,552 [Worker-1: Loading available Gradle versions] INFO  o.e.b.c.i.u.g.PublishedGradleVersions - Gradle version information cache is out-of-date. Trying to update.
2023-04-06 11:01:50,711 [Worker-0: Loading available Gradle versions] INFO  o.e.b.c.i.u.g.PublishedGradleVersions - Gradle version information cache is up-to-date. Trying to read.
2023-04-10 08:32:15,940 [Worker-1: Loading available Gradle versions] INFO  o.e.b.c.i.u.g.PublishedGradleVersions - Gradle version information cache is out-of-date. Trying to update.
2023-04-12 11:17:40,358 [Worker-1: Loading available Gradle versions] INFO  o.e.b.c.i.u.g.PublishedGradleVersions - Gradle version information cache is out-of-date. Trying to update.
2023-04-12 14:11:46,872 [Worker-4: Loading available Gradle versions] INFO  o.e.b.c.i.u.g.PublishedGradleVersions - Gradle version information cache is up-to-date. Trying to read.
2023-04-17 13:42:06,353 [Worker-3: Loading available Gradle versions] INFO  o.e.b.c.i.u.g.PublishedGradleVersions - Gradle version information cache is out-of-date. Trying to update.
2023-04-25 08:04:45,785 [Worker-5: Loading available Gradle versions] INFO  o.e.b.c.i.u.g.PublishedGradleVersions - Gradle version information cache is out-of-date. Trying to update.
2023-04-26 07:03:00,098 [Worker-2: Loading available Gradle versions] INFO  o.e.b.c.i.u.g.PublishedGradleVersions - Gradle version information cache is up-to-date. Trying to read.
2023-04-28 13:53:43,979 [Worker-0: Loading available Gradle versions] INFO  o.e.b.c.i.u.g.PublishedGradleVersions - Gradle version information cache is out-of-date. Trying to update.
2023-05-02 08:16:34,258 [Worker-0: Loading available Gradle versions] INFO  o.e.b.c.i.u.g.PublishedGradleVersions - Gradle version information cache is out-of-date. Trying to update.
2023-05-03 07:24:14,456 [Worker-3: Loading available Gradle versions] INFO  o.e.b.c.i.u.g.PublishedGradleVersions - Gradle version information cache is up-to-date. Trying to read.
2023-05-04 08:11:20,394 [Worker-4: Loading available Gradle versions] INFO  o.e.b.c.i.u.g.PublishedGradleVersions - Gradle version information cache is out-of-date. Trying to update.
2023-05-08 07:39:42,509 [Worker-6: Loading available Gradle versions] INFO  o.e.b.c.i.u.g.PublishedGradleVersions - Gradle version information cache is out-of-date. Trying to update.
2023-05-09 07:21:33,295 [Worker-0: Loading available Gradle versions] INFO  o.e.b.c.i.u.g.PublishedGradleVersions - Gradle version information cache is up-to-date. Trying to read.
2023-05-15 07:25:42,761 [Worker-4: Loading available Gradle versions] INFO  o.e.b.c.i.u.g.PublishedGradleVersions - Gradle version information cache is out-of-date. Trying to update.
2023-05-16 17:19:27,197 [Worker-0: Loading available Gradle versions] INFO  o.e.b.c.i.u.g.PublishedGradleVersions - Gradle version information cache is out-of-date. Trying to update.
2023-05-19 07:20:20,266 [Worker-3: Loading available Gradle versions] INFO  o.e.b.c.i.u.g.PublishedGradleVersions - Gradle version information cache is out-of-date. Trying to update.
2023-05-23 07:33:03,037 [Worker-3: Loading available Gradle versions] INFO  o.e.b.c.i.u.g.PublishedGradleVersions - Gradle version information cache is out-of-date. Trying to update.
2023-05-24 08:00:17,873 [Worker-0: Loading available Gradle versions] INFO  o.e.b.c.i.u.g.PublishedGradleVersions - Gradle version information cache is out-of-date. Trying to update.
2023-05-29 07:16:22,476 [Worker-3: Loading available Gradle versions] INFO  o.e.b.c.i.u.g.PublishedGradleVersions - Gradle version information cache is out-of-date. Trying to update.
2023-05-30 07:29:56,271 [Worker-1: Loading available Gradle versions] INFO  o.e.b.c.i.u.g.PublishedGradleVersions - Gradle version information cache is out-of-date. Trying to update.
2023-06-12 07:35:00,576 [Worker-3: Loading available Gradle versions] INFO  o.e.b.c.i.u.g.PublishedGradleVersions - Gradle version information cache is out-of-date. Trying to update.
2023-06-13 12:22:19,830 [Worker-1: Loading available Gradle versions] INFO  o.e.b.c.i.u.g.PublishedGradleVersions - Gradle version information cache is out-of-date. Trying to update.
2023-06-14 07:15:33,902 [Worker-3: Loading available Gradle versions] INFO  o.e.b.c.i.u.g.PublishedGradleVersions - Gradle version information cache is up-to-date. Trying to read.
2023-06-26 07:28:16,037 [Worker-2: Loading available Gradle versions] INFO  o.e.b.c.i.u.g.PublishedGradleVersions - Gradle version information cache is out-of-date. Trying to update.
2023-06-27 07:16:28,460 [Worker-4: Loading available Gradle versions] INFO  o.e.b.c.i.u.g.PublishedGradleVersions - Gradle version information cache is up-to-date. Trying to read.
2023-06-29 07:30:48,206 [Worker-3: Loading available Gradle versions] INFO  o.e.b.c.i.u.g.PublishedGradleVersions - Gradle version information cache is out-of-date. Trying to update.
2023-07-05 07:10:14,979 [Worker-1: Loading available Gradle versions] INFO  o.e.b.c.i.u.g.PublishedGradleVersions - Gradle version information cache is out-of-date. Trying to update.
2023-07-06 07:27:59,376 [Worker-5: Loading available Gradle versions] INFO  o.e.b.c.i.u.g.PublishedGradleVersions - Gradle version information cache is out-of-date. Trying to update.
2023-07-06 07:29:44,126 [Worker-0: Loading available Gradle versions] INFO  o.e.b.c.i.u.g.PublishedGradleVersions - Gradle version information cache is up-to-date. Trying to read.
2023-07-06 07:44:18,434 [Worker-0: Loading available Gradle versions] INFO  o.e.b.c.i.u.g.PublishedGradleVersions - Gradle version information cache is up-to-date. Trying to read.
2023-07-06 07:48:16,356 [Worker-0: Loading available Gradle versions] INFO  o.e.b.c.i.u.g.PublishedGradleVersions - Gradle version information cache is up-to-date. Trying to read.
2023-07-07 07:27:53,675 [Worker-3: Loading available Gradle versions] INFO  o.e.b.c.i.u.g.PublishedGradleVersions - Gradle version information cache is up-to-date. Trying to read.
2023-07-07 12:18:17,067 [Worker-2: Loading available Gradle versions] INFO  o.e.b.c.i.u.g.PublishedGradleVersions - Gradle version information cache is out-of-date. Trying to update.
2023-07-07 13:09:53,884 [Worker-2: Loading available Gradle versions] INFO  o.e.b.c.i.u.g.PublishedGradleVersions - Gradle version information cache is up-to-date. Trying to read.
2023-07-11 07:11:11,307 [Worker-1: Loading available Gradle versions] INFO  o.e.b.c.i.u.g.PublishedGradleVersions - Gradle version information cache is out-of-date. Trying to update.
2023-07-13 07:22:23,239 [Worker-1: Loading available Gradle versions] INFO  o.e.b.c.i.u.g.PublishedGradleVersions - Gradle version information cache is out-of-date. Trying to update.
2023-07-14 11:10:59,184 [Worker-3: Loading available Gradle versions] INFO  o.e.b.c.i.u.g.PublishedGradleVersions - Gradle version information cache is out-of-date. Trying to update.
2023-07-17 08:13:42,092 [Worker-2: Loading available Gradle versions] INFO  o.e.b.c.i.u.g.PublishedGradleVersions - Gradle version information cache is out-of-date. Trying to update.
2023-07-18 07:21:25,389 [Worker-1: Loading available Gradle versions] INFO  o.e.b.c.i.u.g.PublishedGradleVersions - Gradle version information cache is up-to-date. Trying to read.
2023-07-19 07:22:35,628 [Worker-6: Loading available Gradle versions] INFO  o.e.b.c.i.u.g.PublishedGradleVersions - Gradle version information cache is out-of-date. Trying to update.
2023-07-20 07:21:56,363 [Worker-3: Loading available Gradle versions] INFO  o.e.b.c.i.u.g.PublishedGradleVersions - Gradle version information cache is up-to-date. Trying to read.
2023-08-01 07:25:05,655 [Worker-3: Loading available Gradle versions] INFO  o.e.b.c.i.u.g.PublishedGradleVersions - Gradle version information cache is out-of-date. Trying to update.
2023-08-02 08:32:27,934 [Worker-2: Loading available Gradle versions] INFO  o.e.b.c.i.u.g.PublishedGradleVersions - Gradle version information cache is out-of-date. Trying to update.
2023-08-10 07:41:06,069 [Worker-5: Loading available Gradle versions] INFO  o.e.b.c.i.u.g.PublishedGradleVersions - Gradle version information cache is out-of-date. Trying to update.
2023-08-11 07:29:24,732 [Worker-5: Loading available Gradle versions] INFO  o.e.b.c.i.u.g.PublishedGradleVersions - Gradle version information cache is up-to-date. Trying to read.
2023-08-15 07:42:37,252 [Worker-7: Loading available Gradle versions] INFO  o.e.b.c.i.u.g.PublishedGradleVersions - Gradle version information cache is out-of-date. Trying to update.
2023-08-15 08:34:36,661 [Worker-4: Loading available Gradle versions] INFO  o.e.b.c.i.u.g.PublishedGradleVersions - Gradle version information cache is up-to-date. Trying to read.
2023-08-15 12:21:25,954 [Worker-1: Loading available Gradle versions] INFO  o.e.b.c.i.u.g.PublishedGradleVersions - Gradle version information cache is up-to-date. Trying to read.
2023-08-17 07:19:37,661 [Worker-2: Loading available Gradle versions] INFO  o.e.b.c.i.u.g.PublishedGradleVersions - Gradle version information cache is out-of-date. Trying to update.
2023-08-22 07:59:12,248 [Worker-3: Loading available Gradle versions] INFO  o.e.b.c.i.u.g.PublishedGradleVersions - Gradle version information cache is out-of-date. Trying to update.
2023-08-23 07:43:30,268 [Worker-1: Loading available Gradle versions] INFO  o.e.b.c.i.u.g.PublishedGradleVersions - Gradle version information cache is up-to-date. Trying to read.
2023-08-23 07:52:00,985 [Worker-0: Loading available Gradle versions] INFO  o.e.b.c.i.u.g.PublishedGradleVersions - Gradle version information cache is up-to-date. Trying to read.
2023-08-29 08:25:08,319 [Worker-4: Loading available Gradle versions] INFO  o.e.b.c.i.u.g.PublishedGradleVersions - Gradle version information cache is out-of-date. Trying to update.
2023-08-30 07:30:22,569 [Worker-3: Loading available Gradle versions] INFO  o.e.b.c.i.u.g.PublishedGradleVersions - Gradle version information cache is up-to-date. Trying to read.
2023-09-04 13:29:33,971 [Worker-4: Loading available Gradle versions] INFO  o.e.b.c.i.u.g.PublishedGradleVersions - Gradle version information cache is out-of-date. Trying to update.
2023-09-13 14:00:16,350 [Worker-3: Loading available Gradle versions] INFO  o.e.b.c.i.u.g.PublishedGradleVersions - Gradle version information cache is out-of-date. Trying to update.
2023-09-13 17:37:55,387 [Worker-0: Loading available Gradle versions] INFO  o.e.b.c.i.u.g.PublishedGradleVersions - Gradle version information cache is up-to-date. Trying to read.
2023-09-15 08:18:44,351 [Worker-4: Loading available Gradle versions] INFO  o.e.b.c.i.u.g.PublishedGradleVersions - Gradle version information cache is out-of-date. Trying to update.
2023-09-18 07:27:04,359 [Worker-3: Loading available Gradle versions] INFO  o.e.b.c.i.u.g.PublishedGradleVersions - Gradle version information cache is out-of-date. Trying to update.
2023-09-18 11:42:13,668 [Worker-7: Loading available Gradle versions] INFO  o.e.b.c.i.u.g.PublishedGradleVersions - Gradle version information cache is up-to-date. Trying to read.
2023-09-19 09:03:11,077 [Worker-2: Loading available Gradle versions] INFO  o.e.b.c.i.u.g.PublishedGradleVersions - Gradle version information cache is out-of-date. Trying to update.
2023-09-19 12:14:47,527 [Worker-1: Loading available Gradle versions] INFO  o.e.b.c.i.u.g.PublishedGradleVersions - Gradle version information cache is up-to-date. Trying to read.
2023-09-19 17:33:13,250 [Worker-1: Loading available Gradle versions] INFO  o.e.b.c.i.u.g.PublishedGradleVersions - Gradle version information cache is up-to-date. Trying to read.
2023-09-20 07:31:43,413 [Worker-0: Loading available Gradle versions] INFO  o.e.b.c.i.u.g.PublishedGradleVersions - Gradle version information cache is up-to-date. Trying to read.
2023-09-22 07:30:53,395 [Worker-0: Loading available Gradle versions] INFO  o.e.b.c.i.u.g.PublishedGradleVersions - Gradle version information cache is out-of-date. Trying to update.
2023-09-22 12:10:52,514 [Worker-2: Loading available Gradle versions] INFO  o.e.b.c.i.u.g.PublishedGradleVersions - Gradle version information cache is up-to-date. Trying to read.
2023-09-25 08:14:33,587 [Worker-7: Loading available Gradle versions] INFO  o.e.b.c.i.u.g.PublishedGradleVersions - Gradle version information cache is out-of-date. Trying to update.
2023-09-25 11:03:03,358 [Worker-1: Loading available Gradle versions] INFO  o.e.b.c.i.u.g.PublishedGradleVersions - Gradle version information cache is up-to-date. Trying to read.
2023-09-25 16:48:19,185 [Worker-2: Loading available Gradle versions] INFO  o.e.b.c.i.u.g.PublishedGradleVersions - Gradle version information cache is up-to-date. Trying to read.
2023-09-25 17:43:53,043 [Worker-0: Loading available Gradle versions] INFO  o.e.b.c.i.u.g.PublishedGradleVersions - Gradle version information cache is up-to-date. Trying to read.
2023-09-26 07:39:40,703 [Worker-1: Loading available Gradle versions] INFO  o.e.b.c.i.u.g.PublishedGradleVersions - Gradle version information cache is up-to-date. Trying to read.
2023-09-26 07:40:25,305 [Worker-0: Loading available Gradle versions] INFO  o.e.b.c.i.u.g.PublishedGradleVersions - Gradle version information cache is up-to-date. Trying to read.
2023-09-27 08:24:22,175 [Worker-3: Loading available Gradle versions] INFO  o.e.b.c.i.u.g.PublishedGradleVersions - Gradle version information cache is up-to-date. Trying to read.
2023-09-27 08:27:51,441 [Worker-0: Loading available Gradle versions] INFO  o.e.b.c.i.u.g.PublishedGradleVersions - Gradle version information cache is up-to-date. Trying to read.
2023-09-27 08:46:21,858 [Worker-4: Loading available Gradle versions] INFO  o.e.b.c.i.u.g.PublishedGradleVersions - Gradle version information cache is up-to-date. Trying to read.
2023-09-27 08:51:21,037 [Worker-0: Loading available Gradle versions] INFO  o.e.b.c.i.u.g.PublishedGradleVersions - Gradle version information cache is up-to-date. Trying to read.
2023-09-27 16:13:37,812 [Worker-23: reload maven project] INFO  o.e.m.c.i.e.AbstractTransferListenerAdapter - Downloading https://repo.maven.apache.org/maven2/org/apache/httpcomponents/httpcore/4.3.3/httpcore-4.3.3.pom
2023-09-27 16:13:37,969 [Worker-23: reload maven project] INFO  o.e.m.c.i.e.AbstractTransferListenerAdapter - Downloaded https://repo.maven.apache.org/maven2/org/apache/httpcomponents/httpcore/4.3.3/httpcore-4.3.3.pom
2023-09-27 16:13:38,051 [Worker-23: reload maven project] INFO  o.e.m.c.i.e.AbstractTransferListenerAdapter - Downloading https://repo.maven.apache.org/maven2/org/apache/httpcomponents/httpcomponents-core/4.3.3/httpcomponents-core-4.3.3.pom
2023-09-27 16:13:38,252 [Worker-23: reload maven project] INFO  o.e.m.c.i.e.AbstractTransferListenerAdapter - Downloaded https://repo.maven.apache.org/maven2/org/apache/httpcomponents/httpcomponents-core/4.3.3/httpcomponents-core-4.3.3.pom
2023-09-27 16:13:38,620 [Worker-23: reload maven project] INFO  o.e.m.c.i.e.AbstractTransferListenerAdapter - Downloading https://repo.maven.apache.org/maven2/org/glassfish/javax.json/1.0.4/javax.json-1.0.4.pom
2023-09-27 16:13:38,747 [Worker-23: reload maven project] INFO  o.e.m.c.i.e.AbstractTransferListenerAdapter - Downloaded https://repo.maven.apache.org/maven2/org/glassfish/javax.json/1.0.4/javax.json-1.0.4.pom
2023-09-27 16:13:38,852 [Worker-23: reload maven project] INFO  o.e.m.c.i.e.AbstractTransferListenerAdapter - Downloading https://repo.maven.apache.org/maven2/org/glassfish/json/1.0.4/json-1.0.4.pom
2023-09-27 16:13:38,970 [Worker-23: reload maven project] INFO  o.e.m.c.i.e.AbstractTransferListenerAdapter - Downloaded https://repo.maven.apache.org/maven2/org/glassfish/json/1.0.4/json-1.0.4.pom
2023-09-27 16:13:39,269 [AetherRepositoryConnector-repo.maven.apache.org-0-0] INFO  o.e.m.c.i.e.AbstractTransferListenerAdapter - Downloading https://repo.maven.apache.org/maven2/org/apache/httpcomponents/httpcore/4.3.3/httpcore-4.3.3.jar
2023-09-27 16:13:39,325 [AetherRepositoryConnector-repo.maven.apache.org-0-1] INFO  o.e.m.c.i.e.AbstractTransferListenerAdapter - Downloading https://repo.maven.apache.org/maven2/commons-logging/commons-logging/1.1.3/commons-logging-1.1.3.jar
2023-09-27 16:13:39,325 [AetherRepositoryConnector-repo.maven.apache.org-0-2] INFO  o.e.m.c.i.e.AbstractTransferListenerAdapter - Downloading https://repo.maven.apache.org/maven2/org/glassfish/javax.json/1.0.4/javax.json-1.0.4.jar
2023-09-27 16:13:39,408 [AetherRepositoryConnector-repo.maven.apache.org-0-1] INFO  o.e.m.c.i.e.AbstractTransferListenerAdapter - Downloaded https://repo.maven.apache.org/maven2/commons-logging/commons-logging/1.1.3/commons-logging-1.1.3.jar
2023-09-27 16:13:39,457 [AetherRepositoryConnector-repo.maven.apache.org-0-2] INFO  o.e.m.c.i.e.AbstractTransferListenerAdapter - Downloaded https://repo.maven.apache.org/maven2/org/glassfish/javax.json/1.0.4/javax.json-1.0.4.jar
2023-09-27 16:13:39,530 [AetherRepositoryConnector-repo.maven.apache.org-0-0] INFO  o.e.m.c.i.e.AbstractTransferListenerAdapter - Downloaded https://repo.maven.apache.org/maven2/org/apache/httpcomponents/httpcore/4.3.3/httpcore-4.3.3.jar
2023-09-27 16:15:41,140 [Worker-3: Launching Executing clean in C__Gecinei_Curso Java_ProjetosCurso_ceputil_src] INFO  o.eclipse.m2e.core.internal.Bundles - getClasspathEntries(Bundle=org.eclipse.m2e.maven.runtime_3.8.604.20221130-2149 [606])
2023-09-27 16:15:41,148 [Worker-3: Launching Executing clean in C__Gecinei_Curso Java_ProjetosCurso_ceputil_src] INFO  o.eclipse.m2e.core.internal.Bundles - 	Entry: C:\Gecinei\Curso Java\eclipse\plugins\org.eclipse.m2e.maven.runtime_3.8.604.20221130-2149
2023-09-27 16:15:41,148 [Worker-3: Launching Executing clean in C__Gecinei_Curso Java_ProjetosCurso_ceputil_src] INFO  o.eclipse.m2e.core.internal.Bundles - 	Entry: C:\Gecinei\Curso Java\eclipse\plugins\org.eclipse.m2e.maven.runtime_3.8.604.20221130-2149\jars\aether-connector-okhttp-0.17.8.jar
2023-09-27 16:15:41,149 [Worker-3: Launching Executing clean in C__Gecinei_Curso Java_ProjetosCurso_ceputil_src] INFO  o.eclipse.m2e.core.internal.Bundles - 	Entry: C:\Gecinei\Curso Java\eclipse\plugins\org.eclipse.m2e.maven.runtime_3.8.604.20221130-2149\jars\commons-cli-1.4.jar
2023-09-27 16:15:41,149 [Worker-3: Launching Executing clean in C__Gecinei_Curso Java_ProjetosCurso_ceputil_src] INFO  o.eclipse.m2e.core.internal.Bundles - 	Entry: C:\Gecinei\Curso Java\eclipse\plugins\org.eclipse.m2e.maven.runtime_3.8.604.20221130-2149\jars\commons-io-2.6.jar
2023-09-27 16:15:41,149 [Worker-3: Launching Executing clean in C__Gecinei_Curso Java_ProjetosCurso_ceputil_src] INFO  o.eclipse.m2e.core.internal.Bundles - 	Entry: C:\Gecinei\Curso Java\eclipse\plugins\org.eclipse.m2e.maven.runtime_3.8.604.20221130-2149\jars\commons-lang3-3.8.1.jar
2023-09-27 16:15:41,149 [Worker-3: Launching Executing clean in C__Gecinei_Curso Java_ProjetosCurso_ceputil_src] INFO  o.eclipse.m2e.core.internal.Bundles - 	Entry: C:\Gecinei\Curso Java\eclipse\plugins\org.eclipse.m2e.maven.runtime_3.8.604.20221130-2149\jars\guice-4.2.2-no_aop.jar
2023-09-27 16:15:41,149 [Worker-3: Launching Executing clean in C__Gecinei_Curso Java_ProjetosCurso_ceputil_src] INFO  o.eclipse.m2e.core.internal.Bundles - 	Entry: C:\Gecinei\Curso Java\eclipse\plugins\org.eclipse.m2e.maven.runtime_3.8.604.20221130-2149\jars\jansi-2.4.0.jar
2023-09-27 16:15:41,149 [Worker-3: Launching Executing clean in C__Gecinei_Curso Java_ProjetosCurso_ceputil_src] INFO  o.eclipse.m2e.core.internal.Bundles - 	Entry: C:\Gecinei\Curso Java\eclipse\plugins\org.eclipse.m2e.maven.runtime_3.8.604.20221130-2149\jars\maven-artifact-3.8.6.jar
2023-09-27 16:15:41,149 [Worker-3: Launching Executing clean in C__Gecinei_Curso Java_ProjetosCurso_ceputil_src] INFO  o.eclipse.m2e.core.internal.Bundles - 	Entry: C:\Gecinei\Curso Java\eclipse\plugins\org.eclipse.m2e.maven.runtime_3.8.604.20221130-2149\jars\maven-builder-support-3.8.6.jar
2023-09-27 16:15:41,149 [Worker-3: Launching Executing clean in C__Gecinei_Curso Java_ProjetosCurso_ceputil_src] INFO  o.eclipse.m2e.core.internal.Bundles - 	Entry: C:\Gecinei\Curso Java\eclipse\plugins\org.eclipse.m2e.maven.runtime_3.8.604.20221130-2149\jars\maven-compat-3.8.6.jar
2023-09-27 16:15:41,149 [Worker-3: Launching Executing clean in C__Gecinei_Curso Java_ProjetosCurso_ceputil_src] INFO  o.eclipse.m2e.core.internal.Bundles - 	Entry: C:\Gecinei\Curso Java\eclipse\plugins\org.eclipse.m2e.maven.runtime_3.8.604.20221130-2149\jars\maven-core-3.8.6.jar
2023-09-27 16:15:41,149 [Worker-3: Launching Executing clean in C__Gecinei_Curso Java_ProjetosCurso_ceputil_src] INFO  o.eclipse.m2e.core.internal.Bundles - 	Entry: C:\Gecinei\Curso Java\eclipse\plugins\org.eclipse.m2e.maven.runtime_3.8.604.20221130-2149\jars\maven-embedder-3.8.6.jar
2023-09-27 16:15:41,149 [Worker-3: Launching Executing clean in C__Gecinei_Curso Java_ProjetosCurso_ceputil_src] INFO  o.eclipse.m2e.core.internal.Bundles - 	Entry: C:\Gecinei\Curso Java\eclipse\plugins\org.eclipse.m2e.maven.runtime_3.8.604.20221130-2149\jars\maven-model-3.8.6.jar
2023-09-27 16:15:41,150 [Worker-3: Launching Executing clean in C__Gecinei_Curso Java_ProjetosCurso_ceputil_src] INFO  o.eclipse.m2e.core.internal.Bundles - 	Entry: C:\Gecinei\Curso Java\eclipse\plugins\org.eclipse.m2e.maven.runtime_3.8.604.20221130-2149\jars\maven-model-builder-3.8.6.jar
2023-09-27 16:15:41,150 [Worker-3: Launching Executing clean in C__Gecinei_Curso Java_ProjetosCurso_ceputil_src] INFO  o.eclipse.m2e.core.internal.Bundles - 	Entry: C:\Gecinei\Curso Java\eclipse\plugins\org.eclipse.m2e.maven.runtime_3.8.604.20221130-2149\jars\maven-plugin-api-3.8.6.jar
2023-09-27 16:15:41,150 [Worker-3: Launching Executing clean in C__Gecinei_Curso Java_ProjetosCurso_ceputil_src] INFO  o.eclipse.m2e.core.internal.Bundles - 	Entry: C:\Gecinei\Curso Java\eclipse\plugins\org.eclipse.m2e.maven.runtime_3.8.604.20221130-2149\jars\maven-repository-metadata-3.8.6.jar
2023-09-27 16:15:41,150 [Worker-3: Launching Executing clean in C__Gecinei_Curso Java_ProjetosCurso_ceputil_src] INFO  o.eclipse.m2e.core.internal.Bundles - 	Entry: C:\Gecinei\Curso Java\eclipse\plugins\org.eclipse.m2e.maven.runtime_3.8.604.20221130-2149\jars\maven-resolver-api-1.6.3.jar
2023-09-27 16:15:41,150 [Worker-3: Launching Executing clean in C__Gecinei_Curso Java_ProjetosCurso_ceputil_src] INFO  o.eclipse.m2e.core.internal.Bundles - 	Entry: C:\Gecinei\Curso Java\eclipse\plugins\org.eclipse.m2e.maven.runtime_3.8.604.20221130-2149\jars\maven-resolver-connector-basic-1.6.3.jar
2023-09-27 16:15:41,150 [Worker-3: Launching Executing clean in C__Gecinei_Curso Java_ProjetosCurso_ceputil_src] INFO  o.eclipse.m2e.core.internal.Bundles - 	Entry: C:\Gecinei\Curso Java\eclipse\plugins\org.eclipse.m2e.maven.runtime_3.8.604.20221130-2149\jars\maven-resolver-impl-1.6.3.jar
2023-09-27 16:15:41,150 [Worker-3: Launching Executing clean in C__Gecinei_Curso Java_ProjetosCurso_ceputil_src] INFO  o.eclipse.m2e.core.internal.Bundles - 	Entry: C:\Gecinei\Curso Java\eclipse\plugins\org.eclipse.m2e.maven.runtime_3.8.604.20221130-2149\jars\maven-resolver-provider-3.8.6.jar
2023-09-27 16:15:41,151 [Worker-3: Launching Executing clean in C__Gecinei_Curso Java_ProjetosCurso_ceputil_src] INFO  o.eclipse.m2e.core.internal.Bundles - 	Entry: C:\Gecinei\Curso Java\eclipse\plugins\org.eclipse.m2e.maven.runtime_3.8.604.20221130-2149\jars\maven-resolver-spi-1.6.3.jar
2023-09-27 16:15:41,151 [Worker-3: Launching Executing clean in C__Gecinei_Curso Java_ProjetosCurso_ceputil_src] INFO  o.eclipse.m2e.core.internal.Bundles - 	Entry: C:\Gecinei\Curso Java\eclipse\plugins\org.eclipse.m2e.maven.runtime_3.8.604.20221130-2149\jars\maven-resolver-transport-wagon-1.6.3.jar
2023-09-27 16:15:41,151 [Worker-3: Launching Executing clean in C__Gecinei_Curso Java_ProjetosCurso_ceputil_src] INFO  o.eclipse.m2e.core.internal.Bundles - 	Entry: C:\Gecinei\Curso Java\eclipse\plugins\org.eclipse.m2e.maven.runtime_3.8.604.20221130-2149\jars\maven-resolver-util-1.6.3.jar
2023-09-27 16:15:41,151 [Worker-3: Launching Executing clean in C__Gecinei_Curso Java_ProjetosCurso_ceputil_src] INFO  o.eclipse.m2e.core.internal.Bundles - 	Entry: C:\Gecinei\Curso Java\eclipse\plugins\org.eclipse.m2e.maven.runtime_3.8.604.20221130-2149\jars\maven-settings-3.8.6.jar
2023-09-27 16:15:41,151 [Worker-3: Launching Executing clean in C__Gecinei_Curso Java_ProjetosCurso_ceputil_src] INFO  o.eclipse.m2e.core.internal.Bundles - 	Entry: C:\Gecinei\Curso Java\eclipse\plugins\org.eclipse.m2e.maven.runtime_3.8.604.20221130-2149\jars\maven-settings-builder-3.8.6.jar
2023-09-27 16:15:41,151 [Worker-3: Launching Executing clean in C__Gecinei_Curso Java_ProjetosCurso_ceputil_src] INFO  o.eclipse.m2e.core.internal.Bundles - 	Entry: C:\Gecinei\Curso Java\eclipse\plugins\org.eclipse.m2e.maven.runtime_3.8.604.20221130-2149\jars\maven-shared-utils-3.3.4.jar
2023-09-27 16:15:41,151 [Worker-3: Launching Executing clean in C__Gecinei_Curso Java_ProjetosCurso_ceputil_src] INFO  o.eclipse.m2e.core.internal.Bundles - 	Entry: C:\Gecinei\Curso Java\eclipse\plugins\org.eclipse.m2e.maven.runtime_3.8.604.20221130-2149\jars\okhttp-3.14.1.jar
2023-09-27 16:15:41,151 [Worker-3: Launching Executing clean in C__Gecinei_Curso Java_ProjetosCurso_ceputil_src] INFO  o.eclipse.m2e.core.internal.Bundles - 	Entry: C:\Gecinei\Curso Java\eclipse\plugins\org.eclipse.m2e.maven.runtime_3.8.604.20221130-2149\jars\okio-1.17.3.jar
2023-09-27 16:15:41,152 [Worker-3: Launching Executing clean in C__Gecinei_Curso Java_ProjetosCurso_ceputil_src] INFO  o.eclipse.m2e.core.internal.Bundles - 	Entry: C:\Gecinei\Curso Java\eclipse\plugins\org.eclipse.m2e.maven.runtime_3.8.604.20221130-2149\jars\org.eclipse.sisu.inject-0.3.5.jar
2023-09-27 16:15:41,152 [Worker-3: Launching Executing clean in C__Gecinei_Curso Java_ProjetosCurso_ceputil_src] INFO  o.eclipse.m2e.core.internal.Bundles - 	Entry: C:\Gecinei\Curso Java\eclipse\plugins\org.eclipse.m2e.maven.runtime_3.8.604.20221130-2149\jars\org.eclipse.sisu.plexus-0.3.5.jar
2023-09-27 16:15:41,152 [Worker-3: Launching Executing clean in C__Gecinei_Curso Java_ProjetosCurso_ceputil_src] INFO  o.eclipse.m2e.core.internal.Bundles - 	Entry: C:\Gecinei\Curso Java\eclipse\plugins\org.eclipse.m2e.maven.runtime_3.8.604.20221130-2149\jars\plexus-build-api-0.0.7.jar
2023-09-27 16:15:41,152 [Worker-3: Launching Executing clean in C__Gecinei_Curso Java_ProjetosCurso_ceputil_src] INFO  o.eclipse.m2e.core.internal.Bundles - 	Entry: C:\Gecinei\Curso Java\eclipse\plugins\org.eclipse.m2e.maven.runtime_3.8.604.20221130-2149\jars\plexus-cipher-2.0.jar
2023-09-27 16:15:41,152 [Worker-3: Launching Executing clean in C__Gecinei_Curso Java_ProjetosCurso_ceputil_src] INFO  o.eclipse.m2e.core.internal.Bundles - 	Entry: C:\Gecinei\Curso Java\eclipse\plugins\org.eclipse.m2e.maven.runtime_3.8.604.20221130-2149\jars\plexus-classworlds-2.6.0.jar
2023-09-27 16:15:41,152 [Worker-3: Launching Executing clean in C__Gecinei_Curso Java_ProjetosCurso_ceputil_src] INFO  o.eclipse.m2e.core.internal.Bundles - 	Entry: C:\Gecinei\Curso Java\eclipse\plugins\org.eclipse.m2e.maven.runtime_3.8.604.20221130-2149\jars\plexus-component-annotations-2.1.0.jar
2023-09-27 16:15:41,152 [Worker-3: Launching Executing clean in C__Gecinei_Curso Java_ProjetosCurso_ceputil_src] INFO  o.eclipse.m2e.core.internal.Bundles - 	Entry: C:\Gecinei\Curso Java\eclipse\plugins\org.eclipse.m2e.maven.runtime_3.8.604.20221130-2149\jars\plexus-interpolation-1.26.jar
2023-09-27 16:15:41,152 [Worker-3: Launching Executing clean in C__Gecinei_Curso Java_ProjetosCurso_ceputil_src] INFO  o.eclipse.m2e.core.internal.Bundles - 	Entry: C:\Gecinei\Curso Java\eclipse\plugins\org.eclipse.m2e.maven.runtime_3.8.604.20221130-2149\jars\plexus-sec-dispatcher-2.0.jar
2023-09-27 16:15:41,152 [Worker-3: Launching Executing clean in C__Gecinei_Curso Java_ProjetosCurso_ceputil_src] INFO  o.eclipse.m2e.core.internal.Bundles - 	Entry: C:\Gecinei\Curso Java\eclipse\plugins\org.eclipse.m2e.maven.runtime_3.8.604.20221130-2149\jars\plexus-utils-3.3.1.jar
2023-09-27 16:15:41,152 [Worker-3: Launching Executing clean in C__Gecinei_Curso Java_ProjetosCurso_ceputil_src] INFO  o.eclipse.m2e.core.internal.Bundles - 	Entry: C:\Gecinei\Curso Java\eclipse\plugins\org.eclipse.m2e.maven.runtime_3.8.604.20221130-2149\jars\wagon-file-3.5.1.jar
2023-09-27 16:15:41,152 [Worker-3: Launching Executing clean in C__Gecinei_Curso Java_ProjetosCurso_ceputil_src] INFO  o.eclipse.m2e.core.internal.Bundles - 	Entry: C:\Gecinei\Curso Java\eclipse\plugins\org.eclipse.m2e.maven.runtime_3.8.604.20221130-2149\jars\wagon-provider-api-3.5.1.jar
2023-09-27 16:15:41,153 [Worker-3: Launching Executing clean in C__Gecinei_Curso Java_ProjetosCurso_ceputil_src] INFO  o.eclipse.m2e.core.internal.Bundles - getClasspathEntries(Bundle=com.google.guava_30.1.0.v20221112-0806 [10])
2023-09-27 16:15:41,156 [Worker-3: Launching Executing clean in C__Gecinei_Curso Java_ProjetosCurso_ceputil_src] INFO  o.eclipse.m2e.core.internal.Bundles - 	Entry: C:\Gecinei\Curso Java\eclipse\plugins\com.google.guava_30.1.0.v20221112-0806.jar
2023-09-27 16:15:41,156 [Worker-3: Launching Executing clean in C__Gecinei_Curso Java_ProjetosCurso_ceputil_src] INFO  o.eclipse.m2e.core.internal.Bundles - getClasspathEntries(Bundle=slf4j.api_1.7.36 [918])
2023-09-27 16:15:41,157 [Worker-3: Launching Executing clean in C__Gecinei_Curso Java_ProjetosCurso_ceputil_src] INFO  o.eclipse.m2e.core.internal.Bundles - 	Entry: C:\Gecinei\Curso Java\eclipse\plugins\slf4j.api_1.7.36.jar
2023-09-27 16:15:41,157 [Worker-3: Launching Executing clean in C__Gecinei_Curso Java_ProjetosCurso_ceputil_src] INFO  o.eclipse.m2e.core.internal.Bundles - getClasspathEntries(Bundle=javax.inject_1.0.0.v20220405-0441 [32])
2023-09-27 16:15:41,158 [Worker-3: Launching Executing clean in C__Gecinei_Curso Java_ProjetosCurso_ceputil_src] INFO  o.eclipse.m2e.core.internal.Bundles - 	Entry: C:\Gecinei\Curso Java\eclipse\plugins\javax.inject_1.0.0.v20220405-0441.jar
2023-09-27 16:15:41,158 [Worker-3: Launching Executing clean in C__Gecinei_Curso Java_ProjetosCurso_ceputil_src] INFO  o.eclipse.m2e.core.internal.Bundles - getClasspathEntries(Bundle=javax.annotation_1.3.5.v20221112-0806 [30])
2023-09-27 16:15:41,162 [Worker-3: Launching Executing clean in C__Gecinei_Curso Java_ProjetosCurso_ceputil_src] INFO  o.eclipse.m2e.core.internal.Bundles - 	Entry: C:\Gecinei\Curso Java\eclipse\plugins\javax.annotation_1.3.5.v20221112-0806.jar
2023-09-27 16:15:41,168 [Worker-3: Launching Executing clean in C__Gecinei_Curso Java_ProjetosCurso_ceputil_src] INFO  o.e.m.i.launch.MavenLaunchDelegate - Run build in "C:\Gecinei\Curso Java\ProjetosCurso\ceputil\src":
2023-09-27 16:15:41,168 [Worker-3: Launching Executing clean in C__Gecinei_Curso Java_ProjetosCurso_ceputil_src] INFO  o.e.m.i.launch.MavenLaunchDelegate -  mvn  -B -Dstyle.color=always clean
2023-09-27 16:15:56,613 [main] INFO  o.e.m2e.actions.ExecutePomAction - Creating new launch configuration
2023-09-27 16:19:28,788 [Worker-31: Launching src] INFO  o.e.m.i.launch.MavenLaunchDelegate - Run build in "C:\Gecinei\Curso Java\ProjetosCurso\ceputil":
2023-09-27 16:19:28,789 [Worker-31: Launching src] INFO  o.e.m.i.launch.MavenLaunchDelegate -  mvn  -B -Dmaven.test.skip=true -DskipTests -Dstyle.color=always clean install
2023-09-28 13:58:32,606 [main] INFO  o.e.m2e.actions.ExecutePomAction - Creating new launch configuration
2023-09-28 13:59:10,264 [Worker-133: Launching ceputil] INFO  o.e.m.i.launch.MavenLaunchDelegate - Run build in "C:\Gecinei\Curso Java\ProjetosCurso\ceputil":
2023-09-28 13:59:10,264 [Worker-133: Launching ceputil] INFO  o.e.m.i.launch.MavenLaunchDelegate -  mvn  -B -Dmaven.test.skip=true -DskipTests -Dstyle.color=always clean.install
2023-09-28 13:59:10,264 [Worker-133: Launching ceputil] WARN  o.e.m.i.l.MavenLaunchExtensionsSupport - Unknown or unsupported source locator org.eclipse.jdt.internal.launching.sourcelookup.advanced.AdvancedSourceLookupDirector
2023-09-28 14:00:19,461 [main] INFO  o.e.m2e.actions.ExecutePomAction - Creating new launch configuration
2023-09-28 14:00:25,121 [Worker-134: Launching ceputil (1)] INFO  o.e.m.i.launch.MavenLaunchDelegate - Run build in "C:\Gecinei\Curso Java\ProjetosCurso\ceputil":
2023-09-28 14:00:25,121 [Worker-134: Launching ceputil (1)] INFO  o.e.m.i.launch.MavenLaunchDelegate -  mvn  -B -Dstyle.color=always mvn install
2023-09-28 14:00:25,121 [Worker-134: Launching ceputil (1)] WARN  o.e.m.i.l.MavenLaunchExtensionsSupport - Unknown or unsupported source locator org.eclipse.jdt.internal.launching.sourcelookup.advanced.AdvancedSourceLookupDirector
2023-09-28 17:09:04,621 [Worker-2: Loading available Gradle versions] INFO  o.e.b.c.i.u.g.PublishedGradleVersions - Gradle version information cache is out-of-date. Trying to update.
